d:\hl2karambit\src\game\server\release_mod_sdk2013ce\server.pch
d:\hl2karambit\src\game\server\release_mod_sdk2013ce\vc143.pdb
d:\hl2karambit\src\game\server\release_mod_sdk2013ce\stdafx.obj
d:\hl2karambit\src\game\server\release_mod_sdk2013ce\activitylist.obj
d:\hl2karambit\src\game\server\release_mod_sdk2013ce\ai_basenpc_squad.obj
d:\hl2karambit\src\game\server\release_mod_sdk2013ce\ai_behavior_fear.obj
d:\hl2karambit\src\game\server\release_mod_sdk2013ce\ai_behavior_standoff.obj
d:\hl2karambit\src\game\server\release_mod_sdk2013ce\ai_criteria.obj
d:\hl2karambit\src\game\server\release_mod_sdk2013ce\ai_hull.obj
d:\hl2karambit\src\game\server\release_mod_sdk2013ce\ai_link.obj
d:\hl2karambit\src\game\server\release_mod_sdk2013ce\ai_looktarget.obj
d:\hl2karambit\src\game\server\release_mod_sdk2013ce\ai_motor.obj
d:\hl2karambit\src\game\server\release_mod_sdk2013ce\ai_movesolver.obj
d:\hl2karambit\src\game\server\release_mod_sdk2013ce\ai_node.obj
d:\hl2karambit\src\game\server\release_mod_sdk2013ce\ai_responsesystem.obj
d:\hl2karambit\src\game\server\release_mod_sdk2013ce\ai_squadslot.obj
d:\hl2karambit\src\game\server\release_mod_sdk2013ce\ai_utils.obj
d:\hl2karambit\src\game\server\release_mod_sdk2013ce\baseachievement.obj
d:\hl2karambit\src\game\server\release_mod_sdk2013ce\baseentity.obj
d:\hl2karambit\src\game\server\release_mod_sdk2013ce\entitylist.obj
d:\hl2karambit\src\game\server\release_mod_sdk2013ce\fire_smoke.obj
d:\hl2karambit\src\game\server\release_mod_sdk2013ce\func_areaportal.obj
d:\hl2karambit\src\game\server\release_mod_sdk2013ce\func_ladder.obj
d:\hl2karambit\src\game\server\release_mod_sdk2013ce\func_smokevolume.obj
d:\hl2karambit\src\game\server\release_mod_sdk2013ce\gamerules_register.obj
d:\hl2karambit\src\game\server\release_mod_sdk2013ce\gamevars_shared.obj
d:\hl2karambit\src\game\server\release_mod_sdk2013ce\genericactor.obj
d:\hl2karambit\src\game\server\release_mod_sdk2013ce\haptic_msgs.obj
d:\hl2karambit\src\game\server\release_mod_sdk2013ce\hintmessage.obj
d:\hl2karambit\src\game\server\release_mod_sdk2013ce\logicauto.obj
d:\hl2karambit\src\game\server\release_mod_sdk2013ce\logicrelay.obj
d:\hl2karambit\src\game\server\release_mod_sdk2013ce\modelsoundscache.obj
d:\hl2karambit\src\game\server\release_mod_sdk2013ce\particlesystemquery.obj
d:\hl2karambit\src\game\server\release_mod_sdk2013ce\physics_npc_solver.obj
d:\hl2karambit\src\game\server\release_mod_sdk2013ce\physobj.obj
d:\hl2karambit\src\game\server\release_mod_sdk2013ce\player_resource.obj
d:\hl2karambit\src\game\server\release_mod_sdk2013ce\point_posecontroller.obj
d:\hl2karambit\src\game\server\release_mod_sdk2013ce\predictableid.obj
d:\hl2karambit\src\game\server\release_mod_sdk2013ce\ragdoll_shared.obj
d:\hl2karambit\src\game\server\release_mod_sdk2013ce\sceneentity.obj
d:\hl2karambit\src\game\server\release_mod_sdk2013ce\sprite_perfmonitor.obj
d:\hl2karambit\src\game\server\release_mod_sdk2013ce\team.obj
d:\hl2karambit\src\game\server\release_mod_sdk2013ce\teamplayroundbased_gamerules.obj
d:\hl2karambit\src\game\server\release_mod_sdk2013ce\util_shared.obj
d:\hl2karambit\src\game\server\release_mod_sdk2013ce\vguiscreen.obj
d:\hl2karambit\src\game\server\release_mod_sdk2013ce\wcedit.obj
d:\hl2karambit\src\game\server\release_mod_sdk2013ce\antlion_dust.obj
d:\hl2karambit\src\game\server\release_mod_sdk2013ce\basebludgeonweapon.obj
d:\hl2karambit\src\game\server\release_mod_sdk2013ce\citadel_effects.obj
d:\hl2karambit\src\game\server\release_mod_sdk2013ce\env_headcrabcanister_shared.obj
d:\hl2karambit\src\game\server\release_mod_sdk2013ce\grenade_ar2.obj
d:\hl2karambit\src\game\server\release_mod_sdk2013ce\hl2_usermessages.obj
d:\hl2karambit\src\game\server\release_mod_sdk2013ce\item_battery.obj
d:\hl2karambit\src\game\server\release_mod_sdk2013ce\item_suit.obj
d:\hl2karambit\src\game\server\release_mod_sdk2013ce\npc_antlion.obj
d:\hl2karambit\src\game\server\release_mod_sdk2013ce\npc_combinecamera.obj
d:\hl2karambit\src\game\server\release_mod_sdk2013ce\npc_dog.obj
d:\hl2karambit\src\game\server\release_mod_sdk2013ce\npc_launcher.obj
d:\hl2karambit\src\game\server\release_mod_sdk2013ce\npc_rollermine.obj
d:\hl2karambit\src\game\server\release_mod_sdk2013ce\npc_zombie.obj
d:\hl2karambit\src\game\server\release_mod_sdk2013ce\vehicle_airboat.obj
d:\hl2karambit\src\game\server\release_mod_sdk2013ce\grenade_pathfollower.obj
d:\hl2karambit\src\game\server\release_mod_sdk2013ce\hl2mp_player.obj
d:\hl2karambit\src\game\server\release_mod_sdk2013ce\weapon_rpg.obj
d:\hl2karambit\src\game\server\release_mod_sdk2013ce\nav_merge.obj
d:\hl2karambit\src\game\server\release_mod_sdk2013ce\event_tempentity_tester.obj
d:\hl2karambit\src\game\server\release_mod_sdk2013ce\movie_explosion.obj
d:\hl2karambit\src\game\server\release_mod_sdk2013ce\smoke_trail.obj
d:\hl2karambit\src\game\server\release_mod_sdk2013ce\te_beamring.obj
d:\hl2karambit\src\game\server\release_mod_sdk2013ce\te_bloodsprite.obj
d:\hl2karambit\src\game\server\release_mod_sdk2013ce\te_fizz.obj
d:\hl2karambit\src\game\server\release_mod_sdk2013ce\te_glassshatter.obj
d:\hl2karambit\src\game\server\release_mod_sdk2013ce\te_playerdecal.obj
d:\hl2karambit\src\game\server\release_mod_sdk2013ce\te_sparks.obj
d:\hl2karambit\src\game\server\release_mod_sdk2013ce\ai_activity.obj
d:\hl2karambit\src\game\server\release_mod_sdk2013ce\client.obj
d:\hl2karambit\src\game\server\release_mod_sdk2013ce\doors.obj
d:\hl2karambit\src\game\server\release_mod_sdk2013ce\entityflame.obj
d:\hl2karambit\src\game\server\release_mod_sdk2013ce\env_entity_maker.obj
d:\hl2karambit\src\game\server\release_mod_sdk2013ce\env_texturetoggle.obj
d:\hl2karambit\src\game\server\release_mod_sdk2013ce\envmessage.obj
d:\hl2karambit\src\game\server\release_mod_sdk2013ce\explode.obj
d:\hl2karambit\src\game\server\release_mod_sdk2013ce\func_breakablesurf.obj
d:\hl2karambit\src\game\server\release_mod_sdk2013ce\gametrace_dll.obj
d:\hl2karambit\src\game\server\release_mod_sdk2013ce\genericmonster.obj
d:\hl2karambit\src\game\server\release_mod_sdk2013ce\info_overlay_accessor.obj
d:\hl2karambit\src\game\server\release_mod_sdk2013ce\intermission.obj
d:\hl2karambit\src\game\server\release_mod_sdk2013ce\logic_measure_movement.obj
d:\hl2karambit\src\game\server\release_mod_sdk2013ce\materialmodifycontrol.obj
d:\hl2karambit\src\game\server\release_mod_sdk2013ce\mp_shareddefs.obj
d:\hl2karambit\src\game\server\release_mod_sdk2013ce\obstacle_pushaway.obj
d:\hl2karambit\src\game\server\release_mod_sdk2013ce\pathtrack.obj
d:\hl2karambit\src\game\server\release_mod_sdk2013ce\physics_impact_damage.obj
d:\hl2karambit\src\game\server\release_mod_sdk2013ce\physics_saverestore.obj
d:\hl2karambit\src\game\server\release_mod_sdk2013ce\player_lagcompensation.obj
d:\hl2karambit\src\game\server\release_mod_sdk2013ce\point_spotlight.obj
d:\hl2karambit\src\game\server\release_mod_sdk2013ce\querycache.obj
d:\hl2karambit\src\game\server\release_mod_sdk2013ce\rope_helpers.obj
d:\hl2karambit\src\game\server\release_mod_sdk2013ce\scenecache.obj
d:\hl2karambit\src\game\server\release_mod_sdk2013ce\sequence_transitioner.obj
d:\hl2karambit\src\game\server\release_mod_sdk2013ce\servernetworkproperty.obj
d:\hl2karambit\src\game\server\release_mod_sdk2013ce\shadowcontrol.obj
d:\hl2karambit\src\game\server\release_mod_sdk2013ce\skycamera.obj
d:\hl2karambit\src\game\server\release_mod_sdk2013ce\soundparametersinternal.obj
d:\hl2karambit\src\game\server\release_mod_sdk2013ce\studio_shared.obj
d:\hl2karambit\src\game\server\release_mod_sdk2013ce\takedamageinfo.obj
d:\hl2karambit\src\game\server\release_mod_sdk2013ce\team_control_point_round.obj
d:\hl2karambit\src\game\server\release_mod_sdk2013ce\test_stressentities.obj
d:\hl2karambit\src\game\server\release_mod_sdk2013ce\trains.obj
d:\hl2karambit\src\game\server\release_mod_sdk2013ce\vote_controller.obj
d:\hl2karambit\src\game\server\release_mod_sdk2013ce\ai_behavior_holster.obj
d:\hl2karambit\src\game\server\release_mod_sdk2013ce\antlion_maker.obj
d:\hl2karambit\src\game\server\release_mod_sdk2013ce\func_tank.obj
d:\hl2karambit\src\game\server\release_mod_sdk2013ce\npc_barnacle.obj
d:\hl2karambit\src\game\server\release_mod_sdk2013ce\npc_bullseye.obj
d:\hl2karambit\src\game\server\release_mod_sdk2013ce\npc_cranedriver.obj
d:\hl2karambit\src\game\server\release_mod_sdk2013ce\npc_enemyfinder.obj
d:\hl2karambit\src\game\server\release_mod_sdk2013ce\npc_kleiner.obj
d:\hl2karambit\src\game\server\release_mod_sdk2013ce\npc_monk.obj
d:\hl2karambit\src\game\server\release_mod_sdk2013ce\npc_turret_floor.obj
d:\hl2karambit\src\game\server\release_mod_sdk2013ce\script_intro.obj
d:\hl2karambit\src\game\server\release_mod_sdk2013ce\weapon_annabelle.obj
d:\hl2karambit\src\game\server\release_mod_sdk2013ce\weapon_cubemap.obj
d:\hl2karambit\src\game\server\release_mod_sdk2013ce\grenade_homer.obj
d:\hl2karambit\src\game\server\release_mod_sdk2013ce\hl2mp_cvars.obj
d:\hl2karambit\src\game\server\release_mod_sdk2013ce\hl2mp_player_shared.obj
d:\hl2karambit\src\game\server\release_mod_sdk2013ce\weapon_crowbar.obj
d:\hl2karambit\src\game\server\release_mod_sdk2013ce\weapon_pistol.obj
d:\hl2karambit\src\game\server\release_mod_sdk2013ce\nav_area.obj
d:\hl2karambit\src\game\server\release_mod_sdk2013ce\te_armorricochet.obj
d:\hl2karambit\src\game\server\release_mod_sdk2013ce\te_beamfollow.obj
d:\hl2karambit\src\game\server\release_mod_sdk2013ce\te_bloodstream.obj
d:\hl2karambit\src\game\server\release_mod_sdk2013ce\te_energysplash.obj
d:\hl2karambit\src\game\server\release_mod_sdk2013ce\te_physicsprop.obj
d:\hl2karambit\src\game\server\release_mod_sdk2013ce\entity_tools_server.obj
d:\hl2karambit\src\game\server\release_mod_sdk2013ce\achievement_saverestore.obj
d:\hl2karambit\src\game\server\release_mod_sdk2013ce\ai_basenpc_flyer.obj
d:\hl2karambit\src\game\server\release_mod_sdk2013ce\ai_basenpc_physicsflyer.obj
d:\hl2karambit\src\game\server\release_mod_sdk2013ce\ai_behavior_rappel.obj
d:\hl2karambit\src\game\server\release_mod_sdk2013ce\ai_concommands.obj
d:\hl2karambit\src\game\server\release_mod_sdk2013ce\ai_goalentity.obj
d:\hl2karambit\src\game\server\release_mod_sdk2013ce\ai_moveshoot.obj
d:\hl2karambit\src\game\server\release_mod_sdk2013ce\ai_planesolver.obj
d:\hl2karambit\src\game\server\release_mod_sdk2013ce\ai_saverestore.obj
d:\hl2karambit\src\game\server\release_mod_sdk2013ce\ai_trackpather.obj
d:\hl2karambit\src\game\server\release_mod_sdk2013ce\basecombatcharacter.obj
d:\hl2karambit\src\game\server\release_mod_sdk2013ce\baseviewmodel.obj
d:\hl2karambit\src\game\server\release_mod_sdk2013ce\bmodels.obj
d:\hl2karambit\src\game\server\release_mod_sdk2013ce\colorcorrectionvolume.obj
d:\hl2karambit\src\game\server\release_mod_sdk2013ce\decals.obj
d:\hl2karambit\src\game\server\release_mod_sdk2013ce\entityparticletrail.obj
d:\hl2karambit\src\game\server\release_mod_sdk2013ce\env_effectsscript.obj
d:\hl2karambit\src\game\server\release_mod_sdk2013ce\env_tonemap_controller.obj
d:\hl2karambit\src\game\server\release_mod_sdk2013ce\envspark.obj
d:\hl2karambit\src\game\server\release_mod_sdk2013ce\filters.obj
d:\hl2karambit\src\game\server\release_mod_sdk2013ce\func_dust.obj
d:\hl2karambit\src\game\server\release_mod_sdk2013ce\game.obj
d:\hl2karambit\src\game\server\release_mod_sdk2013ce\gameinterface.obj
d:\hl2karambit\src\game\server\release_mod_sdk2013ce\mapentities.obj
d:\hl2karambit\src\game\server\release_mod_sdk2013ce\movehelper_server.obj
d:\hl2karambit\src\game\server\release_mod_sdk2013ce\particle_light.obj
d:\hl2karambit\src\game\server\release_mod_sdk2013ce\pathcorner.obj
d:\hl2karambit\src\game\server\release_mod_sdk2013ce\physconstraint.obj
d:\hl2karambit\src\game\server\release_mod_sdk2013ce\physics_shared.obj
d:\hl2karambit\src\game\server\release_mod_sdk2013ce\player_command.obj
d:\hl2karambit\src\game\server\release_mod_sdk2013ce\playerlocaldata.obj
d:\hl2karambit\src\game\server\release_mod_sdk2013ce\pointanglesensor.obj
d:\hl2karambit\src\game\server\release_mod_sdk2013ce\props_shared.obj
d:\hl2karambit\src\game\server\release_mod_sdk2013ce\sceneentity_shared.obj
d:\hl2karambit\src\game\server\release_mod_sdk2013ce\scriptedtarget.obj
d:\hl2karambit\src\game\server\release_mod_sdk2013ce\sound.obj
d:\hl2karambit\src\game\server\release_mod_sdk2013ce\soundscape_system.obj
d:\hl2karambit\src\game\server\release_mod_sdk2013ce\team_train_watcher.obj
d:\hl2karambit\src\game\server\release_mod_sdk2013ce\trigger_area_capture.obj
d:\hl2karambit\src\game\server\release_mod_sdk2013ce\waterbullet.obj
d:\hl2karambit\src\game\server\release_mod_sdk2013ce\weapon_parse.obj
d:\hl2karambit\src\game\server\release_mod_sdk2013ce\world.obj
d:\hl2karambit\src\game\server\release_mod_sdk2013ce\ai_spotlight.obj
d:\hl2karambit\src\game\server\release_mod_sdk2013ce\cbasehelicopter.obj
d:\hl2karambit\src\game\server\release_mod_sdk2013ce\hl2_ai_network.obj
d:\hl2karambit\src\game\server\release_mod_sdk2013ce\info_teleporter_countdown.obj
d:\hl2karambit\src\game\server\release_mod_sdk2013ce\item_dynamic_resupply.obj
d:\hl2karambit\src\game\server\release_mod_sdk2013ce\npc_antlionguard.obj
d:\hl2karambit\src\game\server\release_mod_sdk2013ce\npc_combine.obj
d:\hl2karambit\src\game\server\release_mod_sdk2013ce\npc_eli.obj
d:\hl2karambit\src\game\server\release_mod_sdk2013ce\npc_ichthyosaur.obj
d:\hl2karambit\src\game\server\release_mod_sdk2013ce\npc_metropolice.obj
d:\hl2karambit\src\game\server\release_mod_sdk2013ce\npc_strider.obj
d:\hl2karambit\src\game\server\release_mod_sdk2013ce\vehicle_viewcontroller.obj
d:\hl2karambit\src\game\server\release_mod_sdk2013ce\weapon_bugbait.obj
d:\hl2karambit\src\game\server\release_mod_sdk2013ce\hl2mp_gamerules.obj
d:\hl2karambit\src\game\server\release_mod_sdk2013ce\weapon_hl2mpbase_machinegun.obj
d:\hl2karambit\src\game\server\release_mod_sdk2013ce\weapon_smg1.obj
d:\hl2karambit\src\game\server\release_mod_sdk2013ce\nav_edit.obj
d:\hl2karambit\src\game\server\release_mod_sdk2013ce\nav_simplify.obj
d:\hl2karambit\src\game\server\release_mod_sdk2013ce\steamjet.obj
d:\hl2karambit\src\game\server\release_mod_sdk2013ce\te_basebeam.obj
d:\hl2karambit\src\game\server\release_mod_sdk2013ce\te_beamspline.obj
d:\hl2karambit\src\game\server\release_mod_sdk2013ce\te_decal.obj
d:\hl2karambit\src\game\server\release_mod_sdk2013ce\te_impact.obj
d:\hl2karambit\src\game\server\release_mod_sdk2013ce\usermessages.obj
d:\hl2karambit\src\game\server\release_mod_sdk2013ce\achievementmgr.obj
d:\hl2karambit\src\game\server\release_mod_sdk2013ce\ai_behavior.obj
d:\hl2karambit\src\game\server\release_mod_sdk2013ce\ai_behavior_lead.obj
d:\hl2karambit\src\game\server\release_mod_sdk2013ce\ai_default.obj
d:\hl2karambit\src\game\server\release_mod_sdk2013ce\ai_initutils.obj
d:\hl2karambit\src\game\server\release_mod_sdk2013ce\ai_moveprobe.obj
d:\hl2karambit\src\game\server\release_mod_sdk2013ce\ai_playerally.obj
d:\hl2karambit\src\game\server\release_mod_sdk2013ce\ai_speechfilter.obj
d:\hl2karambit\src\game\server\release_mod_sdk2013ce\animation.obj
d:\hl2karambit\src\game\server\release_mod_sdk2013ce\basecombatcharacter_shared.obj
d:\hl2karambit\src\game\server\release_mod_sdk2013ce\baseentity_shared.obj
d:\hl2karambit\src\game\server\release_mod_sdk2013ce\basegrenade_timed.obj
d:\hl2karambit\src\game\server\release_mod_sdk2013ce\baseprojectile.obj
d:\hl2karambit\src\game\server\release_mod_sdk2013ce\beam_shared.obj
d:\hl2karambit\src\game\server\release_mod_sdk2013ce\colorcorrection.obj
d:\hl2karambit\src\game\server\release_mod_sdk2013ce\controlentities.obj
d:\hl2karambit\src\game\server\release_mod_sdk2013ce\death_pose.obj
d:\hl2karambit\src\game\server\release_mod_sdk2013ce\dynamiclight.obj
d:\hl2karambit\src\game\server\release_mod_sdk2013ce\entityblocker.obj
d:\hl2karambit\src\game\server\release_mod_sdk2013ce\entityparticletrail_shared.obj
d:\hl2karambit\src\game\server\release_mod_sdk2013ce\env_detail_controller.obj
d:\hl2karambit\src\game\server\release_mod_sdk2013ce\env_player_surface_trigger.obj
d:\hl2karambit\src\game\server\release_mod_sdk2013ce\envbeam.obj
d:\hl2karambit\src\game\server\release_mod_sdk2013ce\eventlist.obj
d:\hl2karambit\src\game\server\release_mod_sdk2013ce\fourwheelvehiclephysics.obj
d:\hl2karambit\src\game\server\release_mod_sdk2013ce\gamestringpool.obj
d:\hl2karambit\src\game\server\release_mod_sdk2013ce\gib.obj
d:\hl2karambit\src\game\server\release_mod_sdk2013ce\h_cycler.obj
d:\hl2karambit\src\game\server\release_mod_sdk2013ce\logicentities.obj
d:\hl2karambit\src\game\server\release_mod_sdk2013ce\movevars_shared.obj
d:\hl2karambit\src\game\server\release_mod_sdk2013ce\npc_vehicledriver.obj
d:\hl2karambit\src\game\server\release_mod_sdk2013ce\player.obj
d:\hl2karambit\src\game\server\release_mod_sdk2013ce\simtimer.obj
d:\hl2karambit\src\game\server\release_mod_sdk2013ce\slideshow_display.obj
d:\hl2karambit\src\game\server\release_mod_sdk2013ce\spotlightend.obj
d:\hl2karambit\src\game\server\release_mod_sdk2013ce\sun.obj
d:\hl2karambit\src\game\server\release_mod_sdk2013ce\team_spawnpoint.obj
d:\hl2karambit\src\game\server\release_mod_sdk2013ce\teamplay_gamerules.obj
d:\hl2karambit\src\game\server\release_mod_sdk2013ce\templateentities.obj
d:\hl2karambit\src\game\server\release_mod_sdk2013ce\triggers.obj
d:\hl2karambit\src\game\server\release_mod_sdk2013ce\ai_behavior_police.obj
d:\hl2karambit\src\game\server\release_mod_sdk2013ce\env_alyxemp.obj
d:\hl2karambit\src\game\server\release_mod_sdk2013ce\env_starfield.obj
d:\hl2karambit\src\game\server\release_mod_sdk2013ce\func_recharge.obj
d:\hl2karambit\src\game\server\release_mod_sdk2013ce\hl2_triggers.obj
d:\hl2karambit\src\game\server\release_mod_sdk2013ce\look_door.obj
d:\hl2karambit\src\game\server\release_mod_sdk2013ce\npc_apcdriver.obj
d:\hl2karambit\src\game\server\release_mod_sdk2013ce\npc_basezombie.obj
d:\hl2karambit\src\game\server\release_mod_sdk2013ce\npc_crow.obj
d:\hl2karambit\src\game\server\release_mod_sdk2013ce\npc_gman.obj
d:\hl2karambit\src\game\server\release_mod_sdk2013ce\npc_mossman.obj
d:\hl2karambit\src\game\server\release_mod_sdk2013ce\npc_talker.obj
d:\hl2karambit\src\game\server\release_mod_sdk2013ce\prop_thumper.obj
d:\hl2karambit\src\game\server\release_mod_sdk2013ce\script_intro_shared.obj
d:\hl2karambit\src\game\server\release_mod_sdk2013ce\vehicle_prisoner_pod.obj
d:\hl2karambit\src\game\server\release_mod_sdk2013ce\grenade_beam.obj
d:\hl2karambit\src\game\server\release_mod_sdk2013ce\weapon_cguard.obj
d:\hl2karambit\src\game\server\release_mod_sdk2013ce\hl2mp_client.obj
d:\hl2karambit\src\game\server\release_mod_sdk2013ce\weapon_ar2.obj
d:\hl2karambit\src\game\server\release_mod_sdk2013ce\weapon_hl2mpbasebasebludgeon.obj
d:\hl2karambit\src\game\server\release_mod_sdk2013ce\nav_colors.obj
d:\hl2karambit\src\game\server\release_mod_sdk2013ce\nav_entities.obj
d:\hl2karambit\src\game\server\release_mod_sdk2013ce\nav_mesh_factory.obj
d:\hl2karambit\src\game\server\release_mod_sdk2013ce\plasma.obj
d:\hl2karambit\src\game\server\release_mod_sdk2013ce\smokestack.obj
d:\hl2karambit\src\game\server\release_mod_sdk2013ce\te_beamlaser.obj
d:\hl2karambit\src\game\server\release_mod_sdk2013ce\te_bubbles.obj
d:\hl2karambit\src\game\server\release_mod_sdk2013ce\te_dynamiclight.obj
d:\hl2karambit\src\game\server\release_mod_sdk2013ce\te_killplayerattachments.obj
d:\hl2karambit\src\game\server\release_mod_sdk2013ce\te_projecteddecal.obj
d:\hl2karambit\src\game\server\release_mod_sdk2013ce\te_worlddecal.obj
d:\hl2karambit\src\game\server\release_mod_sdk2013ce\gamedll_replay.obj
d:\hl2karambit\src\game\server\release_mod_sdk2013ce\ai_basenpc.obj
d:\hl2karambit\src\game\server\release_mod_sdk2013ce\ai_network.obj
d:\hl2karambit\src\game\server\release_mod_sdk2013ce\ai_relationship.obj
d:\hl2karambit\src\game\server\release_mod_sdk2013ce\ai_scriptconditions.obj
d:\hl2karambit\src\game\server\release_mod_sdk2013ce\ai_squad.obj
d:\hl2karambit\src\game\server\release_mod_sdk2013ce\ammodef.obj
d:\hl2karambit\src\game\server\release_mod_sdk2013ce\basecombatweapon_shared.obj
d:\hl2karambit\src\game\server\release_mod_sdk2013ce\basegrenade_contact.obj
d:\hl2karambit\src\game\server\release_mod_sdk2013ce\baseparticleentity.obj
d:\hl2karambit\src\game\server\release_mod_sdk2013ce\baseplayer_shared.obj
d:\hl2karambit\src\game\server\release_mod_sdk2013ce\cragdollmagnet.obj
d:\hl2karambit\src\game\server\release_mod_sdk2013ce\effect_dispatch_data.obj
d:\hl2karambit\src\game\server\release_mod_sdk2013ce\ehandle.obj
d:\hl2karambit\src\game\server\release_mod_sdk2013ce\entitylist_base.obj
d:\hl2karambit\src\game\server\release_mod_sdk2013ce\env_debughistory.obj
d:\hl2karambit\src\game\server\release_mod_sdk2013ce\env_projectedtexture.obj
d:\hl2karambit\src\game\server\release_mod_sdk2013ce\envfade.obj
d:\hl2karambit\src\game\server\release_mod_sdk2013ce\envlaser.obj
d:\hl2karambit\src\game\server\release_mod_sdk2013ce\fire.obj
d:\hl2karambit\src\game\server\release_mod_sdk2013ce\func_areaportalwindow.obj
d:\hl2karambit\src\game\server\release_mod_sdk2013ce\func_ladder_endpoint.obj
d:\hl2karambit\src\game\server\release_mod_sdk2013ce\func_movelinear.obj
d:\hl2karambit\src\game\server\release_mod_sdk2013ce\gamestats.obj
d:\hl2karambit\src\game\server\release_mod_sdk2013ce\globals.obj
d:\hl2karambit\src\game\server\release_mod_sdk2013ce\h_ai.obj
d:\hl2karambit\src\game\server\release_mod_sdk2013ce\haptic_utils.obj
d:\hl2karambit\src\game\server\release_mod_sdk2013ce\igamesystem.obj
d:\hl2karambit\src\game\server\release_mod_sdk2013ce\item_world.obj
d:\hl2karambit\src\game\server\release_mod_sdk2013ce\monstermaker.obj
d:\hl2karambit\src\game\server\release_mod_sdk2013ce\phys_controller.obj
d:\hl2karambit\src\game\server\release_mod_sdk2013ce\physics_cannister.obj
d:\hl2karambit\src\game\server\release_mod_sdk2013ce\physics_prop_ragdoll.obj
d:\hl2karambit\src\game\server\release_mod_sdk2013ce\playerinfomanager.obj
d:\hl2karambit\src\game\server\release_mod_sdk2013ce\point_bonusmaps_accessor.obj
d:\hl2karambit\src\game\server\release_mod_sdk2013ce\point_playermoveconstraint.obj
d:\hl2karambit\src\game\server\release_mod_sdk2013ce\pointteleport.obj
d:\hl2karambit\src\game\server\release_mod_sdk2013ce\ragdoll_manager.obj
d:\hl2karambit\src\game\server\release_mod_sdk2013ce\saverestore_gamedll.obj
d:\hl2karambit\src\game\server\release_mod_sdk2013ce\scratchpad_gamedll_helpers.obj
d:\hl2karambit\src\game\server\release_mod_sdk2013ce\sendproxy.obj
d:\hl2karambit\src\game\server\release_mod_sdk2013ce\serverbenchmark_base.obj
d:\hl2karambit\src\game\server\release_mod_sdk2013ce\soundemittersystem.obj
d:\hl2karambit\src\game\server\release_mod_sdk2013ce\subs.obj
d:\hl2karambit\src\game\server\release_mod_sdk2013ce\team_control_point.obj
d:\hl2karambit\src\game\server\release_mod_sdk2013ce\test_ehandle.obj
d:\hl2karambit\src\game\server\release_mod_sdk2013ce\testfunctions.obj
d:\hl2karambit\src\game\server\release_mod_sdk2013ce\usercmd.obj
d:\hl2karambit\src\game\server\release_mod_sdk2013ce\vehicle_viewblend_shared.obj
d:\hl2karambit\src\game\server\release_mod_sdk2013ce\voice_gamemgr.obj
d:\hl2karambit\src\game\server\release_mod_sdk2013ce\waterlodcontrol.obj
d:\hl2karambit\src\game\server\release_mod_sdk2013ce\ai_behavior_actbusy.obj
d:\hl2karambit\src\game\server\release_mod_sdk2013ce\grenade_bugbait.obj
d:\hl2karambit\src\game\server\release_mod_sdk2013ce\hl_playermove.obj
d:\hl2karambit\src\game\server\release_mod_sdk2013ce\item_itemcrate.obj
d:\hl2karambit\src\game\server\release_mod_sdk2013ce\npc_attackchopper.obj
d:\hl2karambit\src\game\server\release_mod_sdk2013ce\npc_combinedropship.obj
d:\hl2karambit\src\game\server\release_mod_sdk2013ce\npc_headcrab.obj
d:\hl2karambit\src\game\server\release_mod_sdk2013ce\npc_poisonzombie.obj
d:\hl2karambit\src\game\server\release_mod_sdk2013ce\npc_turret_ceiling.obj
d:\hl2karambit\src\game\server\release_mod_sdk2013ce\npc_vortigaunt_episodic.obj
d:\hl2karambit\src\game\server\release_mod_sdk2013ce\hl2mp_bot_temp.obj
d:\hl2karambit\src\game\server\release_mod_sdk2013ce\grenade_tripmine.obj
d:\hl2karambit\src\game\server\release_mod_sdk2013ce\weapon_frag.obj
d:\hl2karambit\src\game\server\release_mod_sdk2013ce\weapon_shotgun.obj
d:\hl2karambit\src\game\server\release_mod_sdk2013ce\nav_file.obj
d:\hl2karambit\src\game\server\release_mod_sdk2013ce\basetempentity.obj
d:\hl2karambit\src\game\server\release_mod_sdk2013ce\particle_fire.obj
d:\hl2karambit\src\game\server\release_mod_sdk2013ce\particle_smokegrenade.obj
d:\hl2karambit\src\game\server\release_mod_sdk2013ce\spritetrail.obj
d:\hl2karambit\src\game\server\release_mod_sdk2013ce\te_beampoints.obj
d:\hl2karambit\src\game\server\release_mod_sdk2013ce\te_breakmodel.obj
d:\hl2karambit\src\game\server\release_mod_sdk2013ce\te_gaussexplosion.obj
d:\hl2karambit\src\game\server\release_mod_sdk2013ce\te_particlesystem.obj
d:\hl2karambit\src\game\server\release_mod_sdk2013ce\te_sprite.obj
d:\hl2karambit\src\game\server\release_mod_sdk2013ce\ai_basehumanoid.obj
d:\hl2karambit\src\game\server\release_mod_sdk2013ce\ai_basenpc_movement.obj
d:\hl2karambit\src\game\server\release_mod_sdk2013ce\ai_behavior_assault.obj
d:\hl2karambit\src\game\server\release_mod_sdk2013ce\ai_blended_movement.obj
d:\hl2karambit\src\game\server\release_mod_sdk2013ce\ai_dynamiclink.obj
d:\hl2karambit\src\game\server\release_mod_sdk2013ce\ai_localnavigator.obj
d:\hl2karambit\src\game\server\release_mod_sdk2013ce\ai_navigator.obj
d:\hl2karambit\src\game\server\release_mod_sdk2013ce\ai_schedule.obj
d:\hl2karambit\src\game\server\release_mod_sdk2013ce\ai_speech.obj
d:\hl2karambit\src\game\server\release_mod_sdk2013ce\ai_waypoint.obj
d:\hl2karambit\src\game\server\release_mod_sdk2013ce\base_transmit_proxy.obj
d:\hl2karambit\src\game\server\release_mod_sdk2013ce\baseanimating.obj
d:\hl2karambit\src\game\server\release_mod_sdk2013ce\basegrenade_shared.obj
d:\hl2karambit\src\game\server\release_mod_sdk2013ce\bitstring.obj
d:\hl2karambit\src\game\server\release_mod_sdk2013ce\collisionproperty.obj
d:\hl2karambit\src\game\server\release_mod_sdk2013ce\damagemodifier.obj
d:\hl2karambit\src\game\server\release_mod_sdk2013ce\effects.obj
d:\hl2karambit\src\game\server\release_mod_sdk2013ce\env_zoom.obj
d:\hl2karambit\src\game\server\release_mod_sdk2013ce\eventlog.obj
d:\hl2karambit\src\game\server\release_mod_sdk2013ce\fish.obj
d:\hl2karambit\src\game\server\release_mod_sdk2013ce\func_monitor.obj
d:\hl2karambit\src\game\server\release_mod_sdk2013ce\game_ui.obj
d:\hl2karambit\src\game\server\release_mod_sdk2013ce\gameweaponmanager.obj
d:\hl2karambit\src\game\server\release_mod_sdk2013ce\globalstate.obj
d:\hl2karambit\src\game\server\release_mod_sdk2013ce\hintsystem.obj
d:\hl2karambit\src\game\server\release_mod_sdk2013ce\lightglow.obj
d:\hl2karambit\src\game\server\release_mod_sdk2013ce\maprules.obj
d:\hl2karambit\src\game\server\release_mod_sdk2013ce\movement.obj
d:\hl2karambit\src\game\server\release_mod_sdk2013ce\particle_parse.obj
d:\hl2karambit\src\game\server\release_mod_sdk2013ce\physics_bone_follower.obj
d:\hl2karambit\src\game\server\release_mod_sdk2013ce\physics_main_shared.obj
d:\hl2karambit\src\game\server\release_mod_sdk2013ce\point_template.obj
d:\hl2karambit\src\game\server\release_mod_sdk2013ce\precache_register.obj
d:\hl2karambit\src\game\server\release_mod_sdk2013ce\predicted_viewmodel.obj
d:\hl2karambit\src\game\server\release_mod_sdk2013ce\ragdollboogie.obj
d:\hl2karambit\src\game\server\release_mod_sdk2013ce\saverestore.obj
d:\hl2karambit\src\game\server\release_mod_sdk2013ce\singleplay_gamerules.obj
d:\hl2karambit\src\game\server\release_mod_sdk2013ce\soundenvelope.obj
d:\hl2karambit\src\game\server\release_mod_sdk2013ce\tactical_mission.obj
d:\hl2karambit\src\game\server\release_mod_sdk2013ce\team_objectiveresource.obj
d:\hl2karambit\src\game\server\release_mod_sdk2013ce\tesla.obj
d:\hl2karambit\src\game\server\release_mod_sdk2013ce\timedeventmgr.obj
d:\hl2karambit\src\game\server\release_mod_sdk2013ce\util.obj
d:\hl2karambit\src\game\server\release_mod_sdk2013ce\weapon_proficiency.obj
d:\hl2karambit\src\game\server\release_mod_sdk2013ce\ai_allymanager.obj
d:\hl2karambit\src\game\server\release_mod_sdk2013ce\env_headcrabcanister.obj
d:\hl2karambit\src\game\server\release_mod_sdk2013ce\hl2_eventlog.obj
d:\hl2karambit\src\game\server\release_mod_sdk2013ce\hl2_playerlocaldata.obj
d:\hl2karambit\src\game\server\release_mod_sdk2013ce\hl_gamemovement.obj
d:\hl2karambit\src\game\server\release_mod_sdk2013ce\item_healthkit.obj
d:\hl2karambit\src\game\server\release_mod_sdk2013ce\npc_alyx.obj
d:\hl2karambit\src\game\server\release_mod_sdk2013ce\npc_citizen17.obj
d:\hl2karambit\src\game\server\release_mod_sdk2013ce\npc_manhack.obj
d:\hl2karambit\src\game\server\release_mod_sdk2013ce\npc_stalker.obj
d:\hl2karambit\src\game\server\release_mod_sdk2013ce\prop_combine_ball.obj
d:\hl2karambit\src\game\server\release_mod_sdk2013ce\npc_missiledefense.obj
d:\hl2karambit\src\game\server\release_mod_sdk2013ce\hl2mp_weapon_parse.obj
d:\hl2karambit\src\game\server\release_mod_sdk2013ce\weapon_357.obj
d:\hl2karambit\src\game\server\release_mod_sdk2013ce\weapon_hl2mpbasehlmpcombatweapon.obj
d:\hl2karambit\src\game\server\release_mod_sdk2013ce\weapon_slam.obj
d:\hl2karambit\src\game\server\release_mod_sdk2013ce\nav_generate.obj
d:\hl2karambit\src\game\server\release_mod_sdk2013ce\te_beamringpoint.obj
d:\hl2karambit\src\game\server\release_mod_sdk2013ce\te_clientprojectile.obj
d:\hl2karambit\src\game\server\release_mod_sdk2013ce\te_footprintdecal.obj
d:\hl2karambit\src\game\server\release_mod_sdk2013ce\te_glowsprite.obj
d:\hl2karambit\src\game\server\release_mod_sdk2013ce\te_smoke.obj
d:\hl2karambit\src\game\server\release_mod_sdk2013ce\achievements_hlx.obj
d:\hl2karambit\src\game\server\release_mod_sdk2013ce\ai_basenpc_flyer_new.obj
d:\hl2karambit\src\game\server\release_mod_sdk2013ce\ai_basenpc_schedule.obj
d:\hl2karambit\src\game\server\release_mod_sdk2013ce\ai_condition.obj
d:\hl2karambit\src\game\server\release_mod_sdk2013ce\ai_hint.obj
d:\hl2karambit\src\game\server\release_mod_sdk2013ce\ai_namespaces.obj
d:\hl2karambit\src\game\server\release_mod_sdk2013ce\ai_networkmanager.obj
d:\hl2karambit\src\game\server\release_mod_sdk2013ce\ai_senses.obj
d:\hl2karambit\src\game\server\release_mod_sdk2013ce\ai_task.obj
d:\hl2karambit\src\game\server\release_mod_sdk2013ce\base_playeranimstate.obj
d:\hl2karambit\src\game\server\release_mod_sdk2013ce\basecombatweapon.obj
d:\hl2karambit\src\game\server\release_mod_sdk2013ce\basegrenade_concussion.obj
d:\hl2karambit\src\game\server\release_mod_sdk2013ce\basemultiplayerplayer.obj
d:\hl2karambit\src\game\server\release_mod_sdk2013ce\baseviewmodel_shared.obj
d:\hl2karambit\src\game\server\release_mod_sdk2013ce\cbase.obj
d:\hl2karambit\src\game\server\release_mod_sdk2013ce\cplane.obj
d:\hl2karambit\src\game\server\release_mod_sdk2013ce\debugoverlay_shared.obj
d:\hl2karambit\src\game\server\release_mod_sdk2013ce\effectsserver.obj
d:\hl2karambit\src\game\server\release_mod_sdk2013ce\entitydissolve.obj
d:\hl2karambit\src\game\server\release_mod_sdk2013ce\env_particlescript.obj
d:\hl2karambit\src\game\server\release_mod_sdk2013ce\env_wind_shared.obj
d:\hl2karambit\src\game\server\release_mod_sdk2013ce\envmicrophone.obj
d:\hl2karambit\src\game\server\release_mod_sdk2013ce\fogcontroller.obj
d:\hl2karambit\src\game\server\release_mod_sdk2013ce\func_break.obj
d:\hl2karambit\src\game\server\release_mod_sdk2013ce\func_occluder.obj
d:\hl2karambit\src\game\server\release_mod_sdk2013ce\gamemovement.obj
d:\hl2karambit\src\game\server\release_mod_sdk2013ce\grenadethrown.obj
d:\hl2karambit\src\game\server\release_mod_sdk2013ce\hierarchy.obj
d:\hl2karambit\src\game\server\release_mod_sdk2013ce\info_camera_link.obj
d:\hl2karambit\src\game\server\release_mod_sdk2013ce\logic_navigation.obj
d:\hl2karambit\src\game\server\release_mod_sdk2013ce\mapentities_shared.obj
d:\hl2karambit\src\game\server\release_mod_sdk2013ce\modelentities.obj
d:\hl2karambit\src\game\server\release_mod_sdk2013ce\multiplay_gamerules.obj
d:\hl2karambit\src\game\server\release_mod_sdk2013ce\physics_fx.obj
d:\hl2karambit\src\game\server\release_mod_sdk2013ce\physics_main.obj
d:\hl2karambit\src\game\server\release_mod_sdk2013ce\player_pickup.obj
d:\hl2karambit\src\game\server\release_mod_sdk2013ce\point_camera.obj
d:\hl2karambit\src\game\server\release_mod_sdk2013ce\pointangularvelocitysensor.obj
d:\hl2karambit\src\game\server\release_mod_sdk2013ce\recipientfilter.obj
d:\hl2karambit\src\game\server\release_mod_sdk2013ce\rope.obj
d:\hl2karambit\src\game\server\release_mod_sdk2013ce\scripted.obj
d:\hl2karambit\src\game\server\release_mod_sdk2013ce\soundent.obj
d:\hl2karambit\src\game\server\release_mod_sdk2013ce\sprite.obj
d:\hl2karambit\src\game\server\release_mod_sdk2013ce\tanktrain.obj
d:\hl2karambit\src\game\server\release_mod_sdk2013ce\teamplay_round_timer.obj
d:\hl2karambit\src\game\server\release_mod_sdk2013ce\testtraceline.obj
d:\hl2karambit\src\game\server\release_mod_sdk2013ce\variant_t.obj
d:\hl2karambit\src\game\server\release_mod_sdk2013ce\vehicle_baseserver.obj
d:\hl2karambit\src\game\server\release_mod_sdk2013ce\ai_goal_police.obj
d:\hl2karambit\src\game\server\release_mod_sdk2013ce\ar2_explosion.obj
d:\hl2karambit\src\game\server\release_mod_sdk2013ce\basehlcombatweapon_shared.obj
d:\hl2karambit\src\game\server\release_mod_sdk2013ce\cbasespriteprojectile.obj
d:\hl2karambit\src\game\server\release_mod_sdk2013ce\combine_mine.obj
d:\hl2karambit\src\game\server\release_mod_sdk2013ce\hl2_gamerules.obj
d:\hl2karambit\src\game\server\release_mod_sdk2013ce\item_ammo.obj
d:\hl2karambit\src\game\server\release_mod_sdk2013ce\monster_dummy.obj
d:\hl2karambit\src\game\server\release_mod_sdk2013ce\npc_basescanner.obj
d:\hl2karambit\src\game\server\release_mod_sdk2013ce\npc_breen.obj
d:\hl2karambit\src\game\server\release_mod_sdk2013ce\npc_combinegunship.obj
d:\hl2karambit\src\game\server\release_mod_sdk2013ce\npc_playercompanion.obj
d:\hl2karambit\src\game\server\release_mod_sdk2013ce\npc_turret_ground.obj
d:\hl2karambit\src\game\server\release_mod_sdk2013ce\rotorwash.obj
d:\hl2karambit\src\game\server\release_mod_sdk2013ce\vehicle_crane.obj
d:\hl2karambit\src\game\server\release_mod_sdk2013ce\vehicle_apc.obj
d:\hl2karambit\src\game\server\release_mod_sdk2013ce\te_hl2mp_shotgun_shot.obj
d:\hl2karambit\src\game\server\release_mod_sdk2013ce\weapon_crossbow.obj
d:\hl2karambit\src\game\server\release_mod_sdk2013ce\weapon_physcannon.obj
d:\hl2karambit\src\game\server\release_mod_sdk2013ce\nav_mesh.obj
d:\hl2karambit\src\game\server\release_mod_sdk2013ce\te_beamentpoint.obj
d:\hl2karambit\src\game\server\release_mod_sdk2013ce\te_bspdecal.obj
d:\hl2karambit\src\game\server\release_mod_sdk2013ce\te_effect_dispatch.obj
d:\hl2karambit\src\game\server\release_mod_sdk2013ce\te_muzzleflash.obj
d:\hl2karambit\src\game\server\release_mod_sdk2013ce\te_spritespray.obj
d:\hl2karambit\src\game\server\release_mod_sdk2013ce\ai_baseactor.obj
d:\hl2karambit\src\game\server\release_mod_sdk2013ce\ai_behavior_follow.obj
d:\hl2karambit\src\game\server\release_mod_sdk2013ce\ai_event.obj
d:\hl2karambit\src\game\server\release_mod_sdk2013ce\ai_interest_target.obj
d:\hl2karambit\src\game\server\release_mod_sdk2013ce\ai_memory.obj
d:\hl2karambit\src\game\server\release_mod_sdk2013ce\ai_pathfinder.obj
d:\hl2karambit\src\game\server\release_mod_sdk2013ce\ai_route.obj
d:\hl2karambit\src\game\server\release_mod_sdk2013ce\ai_sentence.obj
d:\hl2karambit\src\game\server\release_mod_sdk2013ce\ai_tacticalservices.obj
d:\hl2karambit\src\game\server\release_mod_sdk2013ce\baseanimatingoverlay.obj
d:\hl2karambit\src\game\server\release_mod_sdk2013ce\baseflex.obj
d:\hl2karambit\src\game\server\release_mod_sdk2013ce\buttons.obj
d:\hl2karambit\src\game\server\release_mod_sdk2013ce\commentarysystem.obj
d:\hl2karambit\src\game\server\release_mod_sdk2013ce\env_screenoverlay.obj
d:\hl2karambit\src\game\server\release_mod_sdk2013ce\envhudhint.obj
d:\hl2karambit\src\game\server\release_mod_sdk2013ce\envshake.obj
d:\hl2karambit\src\game\server\release_mod_sdk2013ce\func_areaportalbase.obj
d:\hl2karambit\src\game\server\release_mod_sdk2013ce\func_lod.obj
d:\hl2karambit\src\game\server\release_mod_sdk2013ce\func_reflective_glass.obj
d:\hl2karambit\src\game\server\release_mod_sdk2013ce\gamerules.obj
d:\hl2karambit\src\game\server\release_mod_sdk2013ce\guntarget.obj
d:\hl2karambit\src\game\server\release_mod_sdk2013ce\hltvdirector.obj
d:\hl2karambit\src\game\server\release_mod_sdk2013ce\lights.obj
d:\hl2karambit\src\game\server\release_mod_sdk2013ce\message_entity.obj
d:\hl2karambit\src\game\server\release_mod_sdk2013ce\ndebugoverlay.obj
d:\hl2karambit\src\game\server\release_mod_sdk2013ce\particle_system.obj
d:\hl2karambit\src\game\server\release_mod_sdk2013ce\physics.obj
d:\hl2karambit\src\game\server\release_mod_sdk2013ce\plugin_check.obj
d:\hl2karambit\src\game\server\release_mod_sdk2013ce\point_devshot_camera.obj
d:\hl2karambit\src\game\server\release_mod_sdk2013ce\pointhurt.obj
d:\hl2karambit\src\game\server\release_mod_sdk2013ce\props.obj
d:\hl2karambit\src\game\server\release_mod_sdk2013ce\soundscape.obj
d:\hl2karambit\src\game\server\release_mod_sdk2013ce\survival_gamerules.obj
d:\hl2karambit\src\game\server\release_mod_sdk2013ce\team_control_point_master.obj
d:\hl2karambit\src\game\server\release_mod_sdk2013ce\tempmonster.obj
d:\hl2karambit\src\game\server\release_mod_sdk2013ce\test_proxytoggle.obj
d:\hl2karambit\src\game\server\release_mod_sdk2013ce\textstatsmgr.obj
d:\hl2karambit\src\game\server\release_mod_sdk2013ce\vehicle_base.obj
d:\hl2karambit\src\game\server\release_mod_sdk2013ce\weight_button.obj
d:\hl2karambit\src\game\server\release_mod_sdk2013ce\ai_behavior_functank.obj
d:\hl2karambit\src\game\server\release_mod_sdk2013ce\basehlcombatweapon.obj
d:\hl2karambit\src\game\server\release_mod_sdk2013ce\env_speaker.obj
d:\hl2karambit\src\game\server\release_mod_sdk2013ce\grenade_frag.obj
d:\hl2karambit\src\game\server\release_mod_sdk2013ce\hl2_player.obj
d:\hl2karambit\src\game\server\release_mod_sdk2013ce\npc_barney.obj
d:\hl2karambit\src\game\server\release_mod_sdk2013ce\npc_combines.obj
d:\hl2karambit\src\game\server\release_mod_sdk2013ce\npc_fisherman.obj
d:\hl2karambit\src\game\server\release_mod_sdk2013ce\npc_scanner.obj
d:\hl2karambit\src\game\server\release_mod_sdk2013ce\point_apc_controller.obj
d:\hl2karambit\src\game\server\release_mod_sdk2013ce\proto_sniper.obj
d:\hl2karambit\src\game\server\release_mod_sdk2013ce\weapon_flaregun.obj
d:\hl2karambit\src\game\server\release_mod_sdk2013ce\hl2mp_gameinterface.obj
d:\hl2karambit\src\game\server\release_mod_sdk2013ce\grenade_satchel.obj
d:\hl2karambit\src\game\server\release_mod_sdk2013ce\weapon_hl2mpbase.obj
d:\hl2karambit\src\game\server\release_mod_sdk2013ce\weapon_stunstick.obj
d:\hl2karambit\src\game\server\release_mod_sdk2013ce\nav_ladder.obj
d:\hl2karambit\src\game\server\release_mod_sdk2013ce\nav_node.obj
d:\hl2karambit\src\game\server\release_mod_sdk2013ce\te.obj
d:\hl2karambit\src\game\server\release_mod_sdk2013ce\te_beaments.obj
d:\hl2karambit\src\game\server\release_mod_sdk2013ce\te_bubbletrail.obj
d:\hl2karambit\src\game\server\release_mod_sdk2013ce\te_explosion.obj
d:\hl2karambit\src\game\server\release_mod_sdk2013ce\te_largefunnel.obj
d:\hl2karambit\src\game\server\release_mod_sdk2013ce\te_showline.obj
d:\hl2karambit\src\game\server\release_mod_sdk2013ce\toolframework_server.obj
d:\hl2karambit\src\game\server\release_mod_sdk2013ce\collisionutils.obj
d:\hl2karambit\src\game\server\release_mod_sdk2013ce\keyframe.obj
d:\hl2karambit\src\game\server\release_mod_sdk2013ce\scratchpadutils.obj
d:\hl2karambit\src\game\server\release_mod_sdk2013ce\studio.obj
d:\hl2karambit\src\game\server\release_mod_sdk2013ce\dt_send.obj
d:\hl2karambit\src\game\server\release_mod_sdk2013ce\h_export.obj
d:\hl2karambit\src\game\server\release_mod_sdk2013ce\scratchpad3d.obj
d:\hl2karambit\src\game\server\release_mod_sdk2013ce\dt_utlvector_send.obj
d:\hl2karambit\src\game\server\release_mod_sdk2013ce\interpolatortypes.obj
d:\hl2karambit\src\game\server\release_mod_sdk2013ce\networkvar.obj
d:\hl2karambit\src\game\server\release_mod_sdk2013ce\randoverride.obj
d:\hl2karambit\src\game\server\release_mod_sdk2013ce\sheetsimulator.obj
d:\hl2karambit\src\game\server\release_mod_sdk2013ce\dt_utlvector_common.obj
d:\hl2karambit\src\game\server\release_mod_sdk2013ce\init_factory.obj
d:\hl2karambit\src\game\server\release_mod_sdk2013ce\language.obj
d:\hl2karambit\src\game\server\release_mod_sdk2013ce\rope_physics.obj
d:\hl2karambit\src\game\server\release_mod_sdk2013ce\simple_physics.obj
d:\hl2karambit\src\game\server\release_mod_sdk2013ce\editor_sendcommand.obj
d:\hl2karambit\src\game\server\release_mod_sdk2013ce\memoverride.obj
d:\hl2karambit\src\game\server\release_mod_sdk2013ce\filesystem_helpers.obj
d:\hl2karambit\src\game\server\release_mod_sdk2013ce\gamestats_basicstatsfunctions.obj
d:\hl2karambit\src\game\server\release_mod_sdk2013ce\stringregistry.obj
d:\hl2karambit\src\game\server\release_mod_sdk2013ce\gamehandle.obj
d:\hl2karambit\src\game\server\release_mod_sdk2013ce\interval.obj
d:\hl2karambit\src\game\server\release_mod_sdk2013ce\map_utils.obj
d:\hl2karambit\src\game\server\release_mod_sdk2013ce\server_class.obj
d:\hl2karambit\src\game\server\release_mod_sdk2013ce\bone_setup.obj
d:\hl2karambit\src\game\server\release_mod_sdk2013ce\registry.obj
d:\hl2karambit\src\game\server\release_mod_sdk2013ce\pointeroverride.obj
d:\hl2karambit\src\game\server\server_sdk2013ce.vpc.sentinel
d:\hl2karambit\src\game\server\release_mod_sdk2013ce\server.dll
d:\hl2karambit\src\game\server\release_mod_sdk2013ce\server.pdb
d:\hl2karambit\src\game\server\release_mod_sdk2013ce\server.lib
d:\hl2karambit\src\game\server\release_mod_sdk2013ce\server.exp
d:\hl2karambit\src\game\server\release_mod_sdk2013ce\server.tlog\cl.command.1.tlog
d:\hl2karambit\src\game\server\release_mod_sdk2013ce\server.tlog\cl.items.tlog
d:\hl2karambit\src\game\server\release_mod_sdk2013ce\server.tlog\cl.read.1.tlog
d:\hl2karambit\src\game\server\release_mod_sdk2013ce\server.tlog\cl.write.1.tlog
d:\hl2karambit\src\game\server\release_mod_sdk2013ce\server.tlog\custombuild.command.1.tlog
d:\hl2karambit\src\game\server\release_mod_sdk2013ce\server.tlog\custombuild.read.1.tlog
d:\hl2karambit\src\game\server\release_mod_sdk2013ce\server.tlog\custombuild.write.1.tlog
d:\hl2karambit\src\game\server\release_mod_sdk2013ce\server.tlog\link.command.1.tlog
d:\hl2karambit\src\game\server\release_mod_sdk2013ce\server.tlog\link.read.1.tlog
d:\hl2karambit\src\game\server\release_mod_sdk2013ce\server.tlog\link.write.1.tlog
d:\hl2karambit\src\game\server\release_mod_sdk2013ce\server.tlog\link.write.2u.tlog
